<?xml version="1.0" encoding="UTF-8"?>
<!-- Generated by org.testng.reporters.JUnitReportReporter -->
<testsuite hostname="luk10014" failures="0" tests="1" name="moneyGaming.HomePage" time="15.168" errors="0" timestamp="2021-03-25T17:59:19 GMT" skipped="0">
  <testcase classname="moneyGaming.HomePage" name="basePageNavigation" time="15.168"/>
  <system-out/>
</testsuite> <!-- moneyGaming.HomePage -->
