<?xml version="1.0" encoding="UTF-8"?>
<!-- Generated by org.testng.reporters.JUnitReportReporter -->
<testsuite hostname="luk10014" failures="0" tests="1" name="moneyGaming.HomePageTest" time="54.863" errors="0" timestamp="2021-03-25T18:55:57 GMT" skipped="0">
  <testcase classname="moneyGaming.HomePageTest" name="basePageNavigation" time="54.863"/>
  <system-out/>
</testsuite> <!-- moneyGaming.HomePageTest -->
